This file contains any messages produced by compilers while
running configure, to aid debugging if configure makes a mistake.

It was created by configure, which was
generated by GNU Autoconf 2.61.  Invocation command line was

  $ ./configure 

## --------- ##
## Platform. ##
## --------- ##

hostname = blueberry
uname -m = x86_64
uname -r = 2.6.28-11-generic
uname -s = Linux
uname -v = #42-Ubuntu SMP Fri Apr 17 01:58:03 UTC 2009

/usr/bin/uname -p = unknown
/bin/uname -X     = unknown

/bin/arch              = unknown
/usr/bin/arch -k       = unknown
/usr/convex/getsysinfo = unknown
/usr/bin/hostinfo      = unknown
/bin/machine           = unknown
/usr/bin/oslevel       = unknown
/bin/universe          = unknown

PATH: /home/tom/bin
PATH: /usr/local/sbin
PATH: /usr/local/bin
PATH: /usr/sbin
PATH: /usr/bin
PATH: /sbin
PATH: /bin
PATH: /usr/games


## ----------- ##
## Core tests. ##
## ----------- ##

configure:2039: checking for gcc
configure:2055: found /usr/bin/gcc
configure:2066: result: gcc
configure:2304: checking for C compiler version
configure:2311: gcc --version >&5
gcc (Ubuntu 4.3.3-5ubuntu4) 4.3.3
Copyright (C) 2008 Free Software Foundation, Inc.
This is free software; see the source for copying conditions.  There is NO
warranty; not even for MERCHANTABILITY or FITNESS FOR A PARTICULAR PURPOSE.

configure:2314: $? = 0
configure:2321: gcc -v >&5
Using built-in specs.
Target: x86_64-linux-gnu
Configured with: ../src/configure -v --with-pkgversion='Ubuntu 4.3.3-5ubuntu4' --with-bugurl=file:///usr/share/doc/gcc-4.3/README.Bugs --enable-languages=c,c++,fortran,objc,obj-c++ --prefix=/usr --enable-shared --with-system-zlib --libexecdir=/usr/lib --without-included-gettext --enable-threads=posix --enable-nls --with-gxx-include-dir=/usr/include/c++/4.3 --program-suffix=-4.3 --enable-clocale=gnu --enable-libstdcxx-debug --enable-objc-gc --enable-mpfr --with-tune=generic --enable-checking=release --build=x86_64-linux-gnu --host=x86_64-linux-gnu --target=x86_64-linux-gnu
Thread model: posix
gcc version 4.3.3 (Ubuntu 4.3.3-5ubuntu4) 
configure:2324: $? = 0
configure:2331: gcc -V >&5
gcc: '-V' option must have argument
configure:2334: $? = 1
configure:2357: checking for C compiler default output file name
configure:2384: gcc    conftest.c  >&5
configure:2387: $? = 0
configure:2425: result: a.out
configure:2442: checking whether the C compiler works
configure:2452: ./a.out
configure:2455: $? = 0
configure:2472: result: yes
configure:2479: checking whether we are cross compiling
configure:2481: result: no
configure:2484: checking for suffix of executables
configure:2491: gcc -o conftest    conftest.c  >&5
configure:2494: $? = 0
configure:2518: result: 
configure:2524: checking for suffix of object files
configure:2550: gcc -c   conftest.c >&5
configure:2553: $? = 0
configure:2576: result: o
configure:2580: checking whether we are using the GNU C compiler
configure:2609: gcc -c   conftest.c >&5
configure:2615: $? = 0
configure:2632: result: yes
configure:2637: checking whether gcc accepts -g
configure:2667: gcc -c -g  conftest.c >&5
configure:2673: $? = 0
configure:2772: result: yes
configure:2789: checking for gcc option to accept ISO C89
configure:2863: gcc  -c   conftest.c >&5
configure:2869: $? = 0
configure:2892: result: none needed
configure:2968: checking for g++
configure:2984: found /usr/bin/g++
configure:2995: result: g++
configure:3026: checking for C++ compiler version
configure:3033: g++ --version >&5
g++ (Ubuntu 4.3.3-5ubuntu4) 4.3.3
Copyright (C) 2008 Free Software Foundation, Inc.
This is free software; see the source for copying conditions.  There is NO
warranty; not even for MERCHANTABILITY or FITNESS FOR A PARTICULAR PURPOSE.

configure:3036: $? = 0
configure:3043: g++ -v >&5
Using built-in specs.
Target: x86_64-linux-gnu
Configured with: ../src/configure -v --with-pkgversion='Ubuntu 4.3.3-5ubuntu4' --with-bugurl=file:///usr/share/doc/gcc-4.3/README.Bugs --enable-languages=c,c++,fortran,objc,obj-c++ --prefix=/usr --enable-shared --with-system-zlib --libexecdir=/usr/lib --without-included-gettext --enable-threads=posix --enable-nls --with-gxx-include-dir=/usr/include/c++/4.3 --program-suffix=-4.3 --enable-clocale=gnu --enable-libstdcxx-debug --enable-objc-gc --enable-mpfr --with-tune=generic --enable-checking=release --build=x86_64-linux-gnu --host=x86_64-linux-gnu --target=x86_64-linux-gnu
Thread model: posix
gcc version 4.3.3 (Ubuntu 4.3.3-5ubuntu4) 
configure:3046: $? = 0
configure:3053: g++ -V >&5
g++: '-V' option must have argument
configure:3056: $? = 1
configure:3059: checking whether we are using the GNU C++ compiler
configure:3088: g++ -c   conftest.cpp >&5
configure:3094: $? = 0
configure:3111: result: yes
configure:3116: checking whether g++ accepts -g
configure:3146: g++ -c -g  conftest.cpp >&5
configure:3152: $? = 0
configure:3251: result: yes
configure:3276: checking for nroff
configure:3294: found /usr/bin/nroff
configure:3306: result: /usr/bin/nroff
configure:3363: checking for htmldoc
configure:3396: result: no
configure:3445: checking for ranlib
configure:3461: found /usr/bin/ranlib
configure:3472: result: ranlib
configure:3500: checking for ar
configure:3518: found /usr/bin/ar
configure:3530: result: /usr/bin/ar
configure:3562: checking how to run the C preprocessor
configure:3602: gcc -E  conftest.c
configure:3608: $? = 0
configure:3639: gcc -E  conftest.c
conftest.c:8:28: error: ac_nonexistent.h: No such file or directory
configure:3645: $? = 1
configure: failed program was:
| /* confdefs.h.  */
| #define PACKAGE_NAME ""
| #define PACKAGE_TARNAME ""
| #define PACKAGE_VERSION ""
| #define PACKAGE_STRING ""
| #define PACKAGE_BUGREPORT ""
| /* end confdefs.h.  */
| #include <ac_nonexistent.h>
configure:3678: result: gcc -E
configure:3707: gcc -E  conftest.c
configure:3713: $? = 0
configure:3744: gcc -E  conftest.c
conftest.c:8:28: error: ac_nonexistent.h: No such file or directory
configure:3750: $? = 1
configure: failed program was:
| /* confdefs.h.  */
| #define PACKAGE_NAME ""
| #define PACKAGE_TARNAME ""
| #define PACKAGE_VERSION ""
| #define PACKAGE_STRING ""
| #define PACKAGE_BUGREPORT ""
| /* end confdefs.h.  */
| #include <ac_nonexistent.h>
configure:3788: checking for grep that handles long lines and -e
configure:3862: result: /bin/grep
configure:3867: checking for egrep
configure:3945: result: /bin/grep -E
configure:3950: checking for ANSI C header files
configure:3980: gcc -c   conftest.c >&5
configure:3986: $? = 0
configure:4085: gcc -o conftest    conftest.c  >&5
configure:4088: $? = 0
configure:4094: ./conftest
configure:4097: $? = 0
configure:4114: result: yes
configure:4138: checking for sys/types.h
configure:4159: gcc -c   conftest.c >&5
configure:4165: $? = 0
configure:4181: result: yes
configure:4138: checking for sys/stat.h
configure:4159: gcc -c   conftest.c >&5
configure:4165: $? = 0
configure:4181: result: yes
configure:4138: checking for stdlib.h
configure:4159: gcc -c   conftest.c >&5
configure:4165: $? = 0
configure:4181: result: yes
configure:4138: checking for string.h
configure:4159: gcc -c   conftest.c >&5
configure:4165: $? = 0
configure:4181: result: yes
configure:4138: checking for memory.h
configure:4159: gcc -c   conftest.c >&5
configure:4165: $? = 0
configure:4181: result: yes
configure:4138: checking for strings.h
configure:4159: gcc -c   conftest.c >&5
configure:4165: $? = 0
configure:4181: result: yes
configure:4138: checking for inttypes.h
configure:4159: gcc -c   conftest.c >&5
configure:4165: $? = 0
configure:4181: result: yes
configure:4138: checking for stdint.h
configure:4159: gcc -c   conftest.c >&5
configure:4165: $? = 0
configure:4181: result: yes
configure:4138: checking for unistd.h
configure:4159: gcc -c   conftest.c >&5
configure:4165: $? = 0
configure:4181: result: yes
configure:4193: checking whether byte ordering is bigendian
configure:4226: gcc -c   conftest.c >&5
configure:4232: $? = 0
configure:4264: gcc -c   conftest.c >&5
conftest.c: In function 'main':
conftest.c:25: error: 'not' undeclared (first use in this function)
conftest.c:25: error: (Each undeclared identifier is reported only once
conftest.c:25: error: for each function it appears in.)
conftest.c:25: error: expected ';' before 'big'
configure:4270: $? = 1
configure: failed program was:
| /* confdefs.h.  */
| #define PACKAGE_NAME ""
| #define PACKAGE_TARNAME ""
| #define PACKAGE_VERSION ""
| #define PACKAGE_STRING ""
| #define PACKAGE_BUGREPORT ""
| #define STDC_HEADERS 1
| #define HAVE_SYS_TYPES_H 1
| #define HAVE_SYS_STAT_H 1
| #define HAVE_STDLIB_H 1
| #define HAVE_STRING_H 1
| #define HAVE_MEMORY_H 1
| #define HAVE_STRINGS_H 1
| #define HAVE_INTTYPES_H 1
| #define HAVE_STDINT_H 1
| #define HAVE_UNISTD_H 1
| /* end confdefs.h.  */
| #include <sys/types.h>
| #include <sys/param.h>
| 
| int
| main ()
| {
| #if BYTE_ORDER != BIG_ENDIAN
|  not big endian
| #endif
| 
|   ;
|   return 0;
| }
configure:4410: result: no
configure:4430: checking for short
configure:4460: gcc -c   conftest.c >&5
configure:4466: $? = 0
configure:4481: result: yes
configure:4488: checking size of short
configure:4790: gcc -o conftest    conftest.c  >&5
configure:4793: $? = 0
configure:4799: ./conftest
configure:4802: $? = 0
configure:4825: result: 2
configure:4835: checking for int
configure:4865: gcc -c   conftest.c >&5
configure:4871: $? = 0
configure:4886: result: yes
configure:4893: checking size of int
configure:5195: gcc -o conftest    conftest.c  >&5
configure:5198: $? = 0
configure:5204: ./conftest
configure:5207: $? = 0
configure:5230: result: 4
configure:5240: checking for long
configure:5270: gcc -c   conftest.c >&5
configure:5276: $? = 0
configure:5291: result: yes
configure:5298: checking size of long
configure:5600: gcc -o conftest    conftest.c  >&5
configure:5603: $? = 0
configure:5609: ./conftest
configure:5612: $? = 0
configure:5635: result: 8
configure:5684: checking whether the compiler recognizes bool as a built-in type
configure:5725: g++ -c   conftest.cpp >&5
configure:5731: $? = 0
configure:5753: result: yes
configure:5768: checking for dirent.h that defines DIR
configure:5797: gcc -c   conftest.c >&5
configure:5803: $? = 0
configure:5819: result: yes
configure:5832: checking for library containing opendir
configure:5873: gcc -o conftest    conftest.c  >&5
configure:5879: $? = 0
configure:5907: result: none required
configure:6011: checking sys/select.h usability
configure:6028: gcc -c   conftest.c >&5
configure:6034: $? = 0
configure:6048: result: yes
configure:6052: checking sys/select.h presence
configure:6067: gcc -E  conftest.c
configure:6073: $? = 0
configure:6087: result: yes
configure:6115: checking for sys/select.h
configure:6122: result: yes
configure:6144: checking sys/stdtypes.h usability
configure:6161: gcc -c   conftest.c >&5
conftest.c:59:26: error: sys/stdtypes.h: No such file or directory
configure:6167: $? = 1
configure: failed program was:
| /* confdefs.h.  */
| #define PACKAGE_NAME ""
| #define PACKAGE_TARNAME ""
| #define PACKAGE_VERSION ""
| #define PACKAGE_STRING ""
| #define PACKAGE_BUGREPORT ""
| #define STDC_HEADERS 1
| #define HAVE_SYS_TYPES_H 1
| #define HAVE_SYS_STAT_H 1
| #define HAVE_STDLIB_H 1
| #define HAVE_STRING_H 1
| #define HAVE_MEMORY_H 1
| #define HAVE_STRINGS_H 1
| #define HAVE_INTTYPES_H 1
| #define HAVE_STDINT_H 1
| #define HAVE_UNISTD_H 1
| #define SIZEOF_SHORT 2
| #define SIZEOF_INT 4
| #define SIZEOF_LONG 8
| #define U16 unsigned short
| #define U32 unsigned
| #define U64 unsigned long
| #define HAVE_DIRENT_H 1
| #define HAVE_SYS_SELECT_H 1
| /* end confdefs.h.  */
| #include <stdio.h>
| #ifdef HAVE_SYS_TYPES_H
| # include <sys/types.h>
| #endif
| #ifdef HAVE_SYS_STAT_H
| # include <sys/stat.h>
| #endif
| #ifdef STDC_HEADERS
| # include <stdlib.h>
| # include <stddef.h>
| #else
| # ifdef HAVE_STDLIB_H
| #  include <stdlib.h>
| # endif
| #endif
| #ifdef HAVE_STRING_H
| # if !defined STDC_HEADERS && defined HAVE_MEMORY_H
| #  include <memory.h>
| # endif
| # include <string.h>
| #endif
| #ifdef HAVE_STRINGS_H
| # include <strings.h>
| #endif
| #ifdef HAVE_INTTYPES_H
| # include <inttypes.h>
| #endif
| #ifdef HAVE_STDINT_H
| # include <stdint.h>
| #endif
| #ifdef HAVE_UNISTD_H
| # include <unistd.h>
| #endif
| #include <sys/stdtypes.h>
configure:6181: result: no
configure:6185: checking sys/stdtypes.h presence
configure:6200: gcc -E  conftest.c
conftest.c:26:26: error: sys/stdtypes.h: No such file or directory
configure:6206: $? = 1
configure: failed program was:
| /* confdefs.h.  */
| #define PACKAGE_NAME ""
| #define PACKAGE_TARNAME ""
| #define PACKAGE_VERSION ""
| #define PACKAGE_STRING ""
| #define PACKAGE_BUGREPORT ""
| #define STDC_HEADERS 1
| #define HAVE_SYS_TYPES_H 1
| #define HAVE_SYS_STAT_H 1
| #define HAVE_STDLIB_H 1
| #define HAVE_STRING_H 1
| #define HAVE_MEMORY_H 1
| #define HAVE_STRINGS_H 1
| #define HAVE_INTTYPES_H 1
| #define HAVE_STDINT_H 1
| #define HAVE_UNISTD_H 1
| #define SIZEOF_SHORT 2
| #define SIZEOF_INT 4
| #define SIZEOF_LONG 8
| #define U16 unsigned short
| #define U32 unsigned
| #define U64 unsigned long
| #define HAVE_DIRENT_H 1
| #define HAVE_SYS_SELECT_H 1
| /* end confdefs.h.  */
| #include <sys/stdtypes.h>
configure:6220: result: no
configure:6248: checking for sys/stdtypes.h
configure:6255: result: no
configure:6267: checking for scandir
configure:6323: gcc -o conftest    conftest.c  >&5
configure:6329: $? = 0
configure:6346: result: yes
configure:6363: checking for string.h
configure:6368: result: yes
configure:6496: checking for strings.h
configure:6501: result: yes
configure:6629: checking for snprintf
configure:6685: gcc -o conftest    conftest.c  >&5
conftest.c:52: warning: conflicting types for built-in function 'snprintf'
configure:6691: $? = 0
configure:6708: result: yes
configure:6749: checking for vsnprintf
configure:6805: gcc -o conftest    conftest.c  >&5
conftest.c:53: warning: conflicting types for built-in function 'vsnprintf'
configure:6811: $? = 0
configure:6828: result: yes
configure:6869: checking for strcasecmp
configure:6925: gcc -o conftest    conftest.c  >&5
conftest.c:54: warning: conflicting types for built-in function 'strcasecmp'
configure:6931: $? = 0
configure:6948: result: yes
configure:6969: checking for strdup
configure:7025: gcc -o conftest    conftest.c  >&5
conftest.c:55: warning: conflicting types for built-in function 'strdup'
configure:7031: $? = 0
configure:7048: result: yes
configure:7057: checking for strncasecmp
configure:7113: gcc -o conftest    conftest.c  >&5
conftest.c:56: warning: conflicting types for built-in function 'strncasecmp'
configure:7119: $? = 0
configure:7136: result: yes
configure:7157: checking for strlcat
configure:7213: gcc -o conftest    conftest.c  >&5
/tmp/cc4cch9n.o: In function `main':
conftest.c:(.text+0xa): undefined reference to `strlcat'
collect2: ld returned 1 exit status
configure:7219: $? = 1
configure: failed program was:
| /* confdefs.h.  */
| #define PACKAGE_NAME ""
| #define PACKAGE_TARNAME ""
| #define PACKAGE_VERSION ""
| #define PACKAGE_STRING ""
| #define PACKAGE_BUGREPORT ""
| #define STDC_HEADERS 1
| #define HAVE_SYS_TYPES_H 1
| #define HAVE_SYS_STAT_H 1
| #define HAVE_STDLIB_H 1
| #define HAVE_STRING_H 1
| #define HAVE_MEMORY_H 1
| #define HAVE_STRINGS_H 1
| #define HAVE_INTTYPES_H 1
| #define HAVE_STDINT_H 1
| #define HAVE_UNISTD_H 1
| #define SIZEOF_SHORT 2
| #define SIZEOF_INT 4
| #define SIZEOF_LONG 8
| #define U16 unsigned short
| #define U32 unsigned
| #define U64 unsigned long
| #define HAVE_DIRENT_H 1
| #define HAVE_SYS_SELECT_H 1
| #define HAVE_SCANDIR 1
| #define HAVE_STRING_H 1
| #define HAVE_STRINGS_H 1
| #define HAVE_SNPRINTF 1
| #define HAVE_VSNPRINTF 1
| #define HAVE_STRCASECMP 1
| #define HAVE_STRDUP 1
| #define HAVE_STRNCASECMP 1
| /* end confdefs.h.  */
| /* Define strlcat to an innocuous variant, in case <limits.h> declares strlcat.
|    For example, HP-UX 11i <limits.h> declares gettimeofday.  */
| #define strlcat innocuous_strlcat
| 
| /* System header to define __stub macros and hopefully few prototypes,
|     which can conflict with char strlcat (); below.
|     Prefer <limits.h> to <assert.h> if __STDC__ is defined, since
|     <limits.h> exists even on freestanding compilers.  */
| 
| #ifdef __STDC__
| # include <limits.h>
| #else
| # include <assert.h>
| #endif
| 
| #undef strlcat
| 
| /* Override any GCC internal prototype to avoid an error.
|    Use char because int might match the return type of a GCC
|    builtin and then its argument prototype would still apply.  */
| #ifdef __cplusplus
| extern "C"
| #endif
| char strlcat ();
| /* The GNU C library defines this for functions which it implements
|     to always fail with ENOSYS.  Some functions are actually named
|     something starting with __ and the normal name is an alias.  */
| #if defined __stub_strlcat || defined __stub___strlcat
| choke me
| #endif
| 
| int
| main ()
| {
| return strlcat ();
|   ;
|   return 0;
| }
configure:7236: result: no
configure:7245: checking for strlcpy
configure:7301: gcc -o conftest    conftest.c  >&5
/tmp/ccG7sPUF.o: In function `main':
conftest.c:(.text+0xa): undefined reference to `strlcpy'
collect2: ld returned 1 exit status
configure:7307: $? = 1
configure: failed program was:
| /* confdefs.h.  */
| #define PACKAGE_NAME ""
| #define PACKAGE_TARNAME ""
| #define PACKAGE_VERSION ""
| #define PACKAGE_STRING ""
| #define PACKAGE_BUGREPORT ""
| #define STDC_HEADERS 1
| #define HAVE_SYS_TYPES_H 1
| #define HAVE_SYS_STAT_H 1
| #define HAVE_STDLIB_H 1
| #define HAVE_STRING_H 1
| #define HAVE_MEMORY_H 1
| #define HAVE_STRINGS_H 1
| #define HAVE_INTTYPES_H 1
| #define HAVE_STDINT_H 1
| #define HAVE_UNISTD_H 1
| #define SIZEOF_SHORT 2
| #define SIZEOF_INT 4
| #define SIZEOF_LONG 8
| #define U16 unsigned short
| #define U32 unsigned
| #define U64 unsigned long
| #define HAVE_DIRENT_H 1
| #define HAVE_SYS_SELECT_H 1
| #define HAVE_SCANDIR 1
| #define HAVE_STRING_H 1
| #define HAVE_STRINGS_H 1
| #define HAVE_SNPRINTF 1
| #define HAVE_VSNPRINTF 1
| #define HAVE_STRCASECMP 1
| #define HAVE_STRDUP 1
| #define HAVE_STRNCASECMP 1
| /* end confdefs.h.  */
| /* Define strlcpy to an innocuous variant, in case <limits.h> declares strlcpy.
|    For example, HP-UX 11i <limits.h> declares gettimeofday.  */
| #define strlcpy innocuous_strlcpy
| 
| /* System header to define __stub macros and hopefully few prototypes,
|     which can conflict with char strlcpy (); below.
|     Prefer <limits.h> to <assert.h> if __STDC__ is defined, since
|     <limits.h> exists even on freestanding compilers.  */
| 
| #ifdef __STDC__
| # include <limits.h>
| #else
| # include <assert.h>
| #endif
| 
| #undef strlcpy
| 
| /* Override any GCC internal prototype to avoid an error.
|    Use char because int might match the return type of a GCC
|    builtin and then its argument prototype would still apply.  */
| #ifdef __cplusplus
| extern "C"
| #endif
| char strlcpy ();
| /* The GNU C library defines this for functions which it implements
|     to always fail with ENOSYS.  Some functions are actually named
|     something starting with __ and the normal name is an alias.  */
| #if defined __stub_strlcpy || defined __stub___strlcpy
| choke me
| #endif
| 
| int
| main ()
| {
| return strlcpy ();
|   ;
|   return 0;
| }
configure:7324: result: no
configure:7334: checking for library containing pow
configure:7375: gcc -o conftest    conftest.c  >&5
conftest.c:41: warning: conflicting types for built-in function 'pow'
/tmp/ccSedTwd.o: In function `main':
conftest.c:(.text+0xa): undefined reference to `pow'
collect2: ld returned 1 exit status
configure:7381: $? = 1
configure: failed program was:
| /* confdefs.h.  */
| #define PACKAGE_NAME ""
| #define PACKAGE_TARNAME ""
| #define PACKAGE_VERSION ""
| #define PACKAGE_STRING ""
| #define PACKAGE_BUGREPORT ""
| #define STDC_HEADERS 1
| #define HAVE_SYS_TYPES_H 1
| #define HAVE_SYS_STAT_H 1
| #define HAVE_STDLIB_H 1
| #define HAVE_STRING_H 1
| #define HAVE_MEMORY_H 1
| #define HAVE_STRINGS_H 1
| #define HAVE_INTTYPES_H 1
| #define HAVE_STDINT_H 1
| #define HAVE_UNISTD_H 1
| #define SIZEOF_SHORT 2
| #define SIZEOF_INT 4
| #define SIZEOF_LONG 8
| #define U16 unsigned short
| #define U32 unsigned
| #define U64 unsigned long
| #define HAVE_DIRENT_H 1
| #define HAVE_SYS_SELECT_H 1
| #define HAVE_SCANDIR 1
| #define HAVE_STRING_H 1
| #define HAVE_STRINGS_H 1
| #define HAVE_SNPRINTF 1
| #define HAVE_VSNPRINTF 1
| #define HAVE_STRCASECMP 1
| #define HAVE_STRDUP 1
| #define HAVE_STRNCASECMP 1
| /* end confdefs.h.  */
| 
| /* Override any GCC internal prototype to avoid an error.
|    Use char because int might match the return type of a GCC
|    builtin and then its argument prototype would still apply.  */
| #ifdef __cplusplus
| extern "C"
| #endif
| char pow ();
| int
| main ()
| {
| return pow ();
|   ;
|   return 0;
| }
configure:7375: gcc -o conftest    conftest.c -lm   >&5
conftest.c:41: warning: conflicting types for built-in function 'pow'
configure:7381: $? = 0
configure:7409: result: -lm
configure:7438: checking jpeglib.h usability
configure:7455: gcc -c   conftest.c >&5
configure:7461: $? = 0
configure:7475: result: yes
configure:7479: checking jpeglib.h presence
configure:7494: gcc -E  conftest.c
configure:7500: $? = 0
configure:7514: result: yes
configure:7542: checking for jpeglib.h
configure:7549: result: yes
configure:7555: checking for jpeg_destroy_decompress in -ljpeg
configure:7590: gcc -o conftest    conftest.c -ljpeg  -lm  >&5
configure:7596: $? = 0
configure:7614: result: yes
configure:7663: checking zlib.h usability
configure:7680: gcc -c   conftest.c >&5
configure:7686: $? = 0
configure:7700: result: yes
configure:7704: checking zlib.h presence
configure:7719: gcc -E  conftest.c
configure:7725: $? = 0
configure:7739: result: yes
configure:7767: checking for zlib.h
configure:7774: result: yes
configure:7780: checking for gzopen in -lz
configure:7815: gcc -o conftest    conftest.c -lz  -lm  >&5
configure:7821: $? = 0
configure:7839: result: yes
configure:7887: checking png.h usability
configure:7904: gcc -c   conftest.c >&5
configure:7910: $? = 0
configure:7924: result: yes
configure:7928: checking png.h presence
configure:7943: gcc -E  conftest.c
configure:7949: $? = 0
configure:7963: result: yes
configure:7991: checking for png.h
configure:7998: result: yes
configure:8020: checking libpng/png.h usability
configure:8037: gcc -c   conftest.c >&5
configure:8043: $? = 0
configure:8057: result: yes
configure:8061: checking libpng/png.h presence
configure:8076: gcc -E  conftest.c
configure:8082: $? = 0
configure:8096: result: yes
configure:8124: checking for libpng/png.h
configure:8131: result: yes
configure:8144: checking for png_read_rows in -lpng
configure:8179: gcc -o conftest    conftest.c -lpng  -lm  -lz >&5
configure:8185: $? = 0
configure:8203: result: yes
configure:8219: checking for png_get_valid
configure:8275: gcc -o conftest    conftest.c -lpng -lm  -lz >&5
configure:8281: $? = 0
configure:8299: result: yes
configure:8219: checking for png_set_tRNS_to_alpha
configure:8275: gcc -o conftest    conftest.c -lpng -lm  -lz >&5
configure:8281: $? = 0
configure:8299: result: yes
configure:8350: checking pthread.h usability
configure:8367: gcc -c   conftest.c >&5
configure:8373: $? = 0
configure:8387: result: yes
configure:8391: checking pthread.h presence
configure:8406: gcc -E  conftest.c
configure:8412: $? = 0
configure:8426: result: yes
configure:8454: checking for pthread.h
configure:8461: result: yes
configure:8474: checking for pthread_create in -lpthread
configure:8509: gcc -o conftest    conftest.c -lpthread  -lm  >&5
configure:8515: $? = 0
configure:8533: result: yes
configure:8963: checking for X
configure:9078: gcc -E  conftest.c
configure:9084: $? = 0
configure:9133: gcc -o conftest    conftest.c -lX11 -lpthread -lm  >&5
configure:9139: $? = 0
configure:9198: result: libraries , headers 
configure:9359: gcc -o conftest    conftest.c -lpthread -lm   -lX11 >&5
configure:9365: $? = 0
configure:9522: checking for gethostbyname
configure:9578: gcc -o conftest    conftest.c -lpthread -lm  >&5
configure:9584: $? = 0
configure:9601: result: yes
configure:9746: checking for connect
configure:9802: gcc -o conftest    conftest.c -lpthread -lm  >&5
configure:9808: $? = 0
configure:9825: result: yes
configure:9897: checking for remove
configure:9953: gcc -o conftest    conftest.c -lpthread -lm  >&5
configure:9959: $? = 0
configure:9976: result: yes
configure:10048: checking for shmat
configure:10104: gcc -o conftest    conftest.c -lpthread -lm  >&5
configure:10110: $? = 0
configure:10127: result: yes
configure:10208: checking for IceConnectionNumber in -lICE
configure:10243: gcc -o conftest    conftest.c -lICE  -lpthread -lm  >&5
configure:10249: $? = 0
configure:10267: result: yes
configure:10285: WARNING: Ignoring libraries " -lSM -lICE" requested by configure.
configure:10301: checking for library containing dlopen
configure:10342: gcc -o conftest     conftest.c -lpthread -lm  -lXext  >&5
configure:10348: $? = 0
configure:10376: result: none required
configure:10394: checking GL/gl.h usability
configure:10411: gcc -c   conftest.c >&5
configure:10417: $? = 0
configure:10431: result: yes
configure:10435: checking GL/gl.h presence
configure:10450: gcc -E  conftest.c
configure:10456: $? = 0
configure:10470: result: yes
configure:10498: checking for GL/gl.h
configure:10505: result: yes
configure:10511: checking for glXMakeCurrent in -lGL
configure:10546: gcc -o conftest     conftest.c -lGL -lm -lpthread -lm  -lXext  >&5
configure:10552: $? = 0
configure:10570: result: yes
configure:10666: checking GL/glu.h usability
configure:10683: gcc -c   conftest.c >&5
configure:10689: $? = 0
configure:10703: result: yes
configure:10707: checking GL/glu.h presence
configure:10722: gcc -E  conftest.c
configure:10728: $? = 0
configure:10742: result: yes
configure:10770: checking for GL/glu.h
configure:10777: result: yes
configure:10844: checking for freetype-config
configure:10862: found /usr/bin/freetype-config
configure:10874: result: /usr/bin/freetype-config
configure:10896: checking X11/Xft/Xft.h usability
configure:10913: gcc -c  -I/usr/include/freetype2  conftest.c >&5
configure:10919: $? = 0
configure:10933: result: yes
configure:10937: checking X11/Xft/Xft.h presence
configure:10952: gcc -E -I/usr/include/freetype2  -I/usr/include/freetype2 conftest.c
configure:10958: $? = 0
configure:10972: result: yes
configure:11000: checking for X11/Xft/Xft.h
configure:11007: result: yes
configure:11012: checking for XftDrawCreate in -lXft
configure:11047: gcc -o conftest  -I/usr/include/freetype2    conftest.c -lXft  -lpthread -lm  -lXext  >&5
configure:11053: $? = 0
configure:11071: result: yes
configure:11154: checking for X11/extensions/Xdbe.h
configure:11175: gcc -c  -I/usr/include/freetype2  conftest.c >&5
configure:11181: $? = 0
configure:11196: result: yes
configure:11214: checking for X11/extensions/Xinerama.h
configure:11235: gcc -c  -I/usr/include/freetype2  conftest.c >&5
configure:11241: $? = 0
configure:11256: result: yes
configure:11271: checking for X overlay visuals
configure:11282: result: no
configure:11293: checking for Xutf8LookupString in -lX11
configure:11328: gcc -o conftest  -I/usr/include/freetype2    conftest.c -lX11  -lXi -lXinerama -lXft -lpthread -lm  -lXext  >&5
configure:11334: $? = 0
configure:11352: result: yes
configure:11744: checking if libsupc++ is required
configure:11762: result: yes
configure:12223: creating ./config.status

## ---------------------- ##
## Running config.status. ##
## ---------------------- ##

This file was extended by config.status, which was
generated by GNU Autoconf 2.61.  Invocation command line was

  CONFIG_FILES    = 
  CONFIG_HEADERS  = 
  CONFIG_LINKS    = 
  CONFIG_COMMANDS = 
  $ ./config.status 

on blueberry

config.status:647: creating makeinclude
config.status:778: WARNING:  makeinclude.in seems to ignore the --datarootdir setting
config.status:647: creating fltk.list
config.status:778: WARNING:  fltk.list.in seems to ignore the --datarootdir setting
config.status:647: creating fltk2-config
config.status:647: creating config.h

## ---------------- ##
## Cache variables. ##
## ---------------- ##

ac_cv_c_bigendian=no
ac_cv_c_compiler_gnu=yes
ac_cv_cxx_bool=yes
ac_cv_cxx_compiler_gnu=yes
ac_cv_env_CCC_set=
ac_cv_env_CCC_value=
ac_cv_env_CC_set=
ac_cv_env_CC_value=
ac_cv_env_CFLAGS_set=
ac_cv_env_CFLAGS_value=
ac_cv_env_CPPFLAGS_set=
ac_cv_env_CPPFLAGS_value=
ac_cv_env_CPP_set=
ac_cv_env_CPP_value=
ac_cv_env_CXXFLAGS_set=
ac_cv_env_CXXFLAGS_value=
ac_cv_env_CXX_set=
ac_cv_env_CXX_value=
ac_cv_env_LDFLAGS_set=
ac_cv_env_LDFLAGS_value=
ac_cv_env_LIBS_set=
ac_cv_env_LIBS_value=
ac_cv_env_XMKMF_set=
ac_cv_env_XMKMF_value=
ac_cv_env_build_alias_set=
ac_cv_env_build_alias_value=
ac_cv_env_host_alias_set=
ac_cv_env_host_alias_value=
ac_cv_env_target_alias_set=
ac_cv_env_target_alias_value=
ac_cv_func_connect=yes
ac_cv_func_gethostbyname=yes
ac_cv_func_png_get_valid=yes
ac_cv_func_png_set_tRNS_to_alpha=yes
ac_cv_func_remove=yes
ac_cv_func_scandir=yes
ac_cv_func_shmat=yes
ac_cv_func_snprintf=yes
ac_cv_func_strcasecmp=yes
ac_cv_func_strdup=yes
ac_cv_func_strlcat=no
ac_cv_func_strlcpy=no
ac_cv_func_strncasecmp=yes
ac_cv_func_vsnprintf=yes
ac_cv_have_overlay=no
ac_cv_have_x='have_x=yes	ac_x_includes='\'''\''	ac_x_libraries='\'''\'''
ac_cv_header_GL_gl_h=yes
ac_cv_header_GL_glu_h=yes
ac_cv_header_X11_Xft_Xft_h=yes
ac_cv_header_X11_extensions_Xdbe_h=yes
ac_cv_header_X11_extensions_Xinerama_h=yes
ac_cv_header_dirent_dirent_h=yes
ac_cv_header_inttypes_h=yes
ac_cv_header_jpeglib_h=yes
ac_cv_header_libpng_png_h=yes
ac_cv_header_memory_h=yes
ac_cv_header_png_h=yes
ac_cv_header_pthread_h=yes
ac_cv_header_stdc=yes
ac_cv_header_stdint_h=yes
ac_cv_header_stdlib_h=yes
ac_cv_header_string_h=yes
ac_cv_header_strings_h=yes
ac_cv_header_sys_select_h=yes
ac_cv_header_sys_stat_h=yes
ac_cv_header_sys_stdtypes_h=no
ac_cv_header_sys_types_h=yes
ac_cv_header_unistd_h=yes
ac_cv_header_zlib_h=yes
ac_cv_lib_GL_glXMakeCurrent=yes
ac_cv_lib_ICE_IceConnectionNumber=yes
ac_cv_lib_X11_Xutf8LookupString=yes
ac_cv_lib_Xft_XftDrawCreate=yes
ac_cv_lib_jpeg_jpeg_destroy_decompress=yes
ac_cv_lib_png_png_read_rows=yes
ac_cv_lib_pthread_pthread_create=yes
ac_cv_lib_z_gzopen=yes
ac_cv_objext=o
ac_cv_path_AR=/usr/bin/ar
ac_cv_path_EGREP='/bin/grep -E'
ac_cv_path_FTCONFIG=/usr/bin/freetype-config
ac_cv_path_GREP=/bin/grep
ac_cv_path_NROFF=/usr/bin/nroff
ac_cv_prog_CPP='gcc -E'
ac_cv_prog_ac_ct_CC=gcc
ac_cv_prog_ac_ct_CXX=g++
ac_cv_prog_ac_ct_RANLIB=ranlib
ac_cv_prog_cc_c89=
ac_cv_prog_cc_g=yes
ac_cv_prog_cxx_g=yes
ac_cv_search_dlopen='none required'
ac_cv_search_opendir='none required'
ac_cv_search_pow=-lm
ac_cv_sizeof_int=4
ac_cv_sizeof_long=8
ac_cv_sizeof_short=2
ac_cv_type_int=yes
ac_cv_type_long=yes
ac_cv_type_short=yes

## ----------------- ##
## Output variables. ##
## ----------------- ##

AR='/usr/bin/ar'
BUILDTARGETS='programs'
CAT1EXT='1'
CAT3EXT='3'
CC='gcc'
CFLAGS=''
CPP='gcc -E'
CPPFLAGS='-I/usr/include/freetype2 '
CXX='gcc'
CXXFLAGS='-I/usr/include/freetype2  -Wno-non-virtual-dtor'
DEFS='-DHAVE_CONFIG_H'
DSOCOMMAND='echo'
DSOLINK=''
DSOPREFIX=''
DSOSUFFIX=''
DSOSYMLINK=''
DSOTARGET=''
ECHO_C=''
ECHO_N='-n'
ECHO_T=''
EGREP='/bin/grep -E'
EXEEXT=''
FLUID='fluid2'
FL_API_VERSION='2.0'
FL_MAJOR_VERSION='2'
FL_MINOR_VERSION='0'
FL_PATCH_VERSION='0'
FL_RELEASE_VERSION='a0'
FTCONFIG='/usr/bin/freetype-config'
GLDEMOS='gldemos'
GLLIB='-lGLU -lGL'
GREP='/bin/grep'
GROFF=''
HLINKS=''
HTMLDOC=''
IMAGELIBS='-lpng -lfltk2_images -ljpeg -lz'
INSTALLTARGETS='install_programs'
LDFLAGS=' '
LIBCOMMAND='/usr/bin/ar cr'
LIBOBJS=''
LIBPREFIX='lib'
LIBS='-lX11 -lXi -lXinerama -lXft -lpthread -lm  -lXext  -lsupc++'
LIBSUFFIX='.a'
LIBTARGET='static'
LINKFLTK='-lfltk2'
LINKFLTKGL='-lfltk2_gl'
LINKFLTKIMG='-lfltk2_images'
LINKSHARED='-L../lib -lfltk2_images -lfltk2'
LOCAL_IMAGELIBS=''
LOCAL_IMAGETARGETS=''
LTLIBOBJS=''
MAKEDEPEND='$(CXX) -MM -DMAKEDEPEND'
NROFF='/usr/bin/nroff'
OBJEXT='o'
OPTIM=' -O2 -Wall -Wunused '
PACKAGE_BUGREPORT=''
PACKAGE_NAME=''
PACKAGE_STRING=''
PACKAGE_TARNAME=''
PACKAGE_VERSION=''
PATH_SEPARATOR=':'
POSTBUILD=':'
RANLIB='ranlib'
SHAREDSUFFIX=''
SHELL='/bin/bash'
THEMECOMMAND='${CXX} -shared  -o'
THREADS='threads'
XMKMF=''
X_CFLAGS=''
X_EXTRA_LIBS=''
X_LIBS=''
X_PRE_LIBS=' -lSM -lICE'
ZLIBINC=''
ac_ct_CC='gcc'
ac_ct_CXX='g++'
bindir='${exec_prefix}/bin'
build_alias=''
datadir='${datarootdir}'
datarootdir='${prefix}/share'
docdir='${datarootdir}/doc/${PACKAGE}'
dvidir='${docdir}'
exec_prefix='${prefix}'
host_alias=''
htmldir='${docdir}'
includedir='${prefix}/include'
infodir='${datarootdir}/info'
libdir='${exec_prefix}/lib'
libexecdir='${exec_prefix}/libexec'
localedir='${datarootdir}/locale'
localstatedir='${prefix}/var'
mandir='${datarootdir}/man'
oldincludedir='/usr/include'
pdfdir='${docdir}'
prefix='/usr/local'
program_transform_name='s,x,x,'
psdir='${docdir}'
sbindir='${exec_prefix}/sbin'
sharedstatedir='${prefix}/com'
sysconfdir='${prefix}/etc'
target_alias=''

## ----------- ##
## confdefs.h. ##
## ----------- ##

#define PACKAGE_NAME ""
#define PACKAGE_TARNAME ""
#define PACKAGE_VERSION ""
#define PACKAGE_STRING ""
#define PACKAGE_BUGREPORT ""
#define STDC_HEADERS 1
#define HAVE_SYS_TYPES_H 1
#define HAVE_SYS_STAT_H 1
#define HAVE_STDLIB_H 1
#define HAVE_STRING_H 1
#define HAVE_MEMORY_H 1
#define HAVE_STRINGS_H 1
#define HAVE_INTTYPES_H 1
#define HAVE_STDINT_H 1
#define HAVE_UNISTD_H 1
#define SIZEOF_SHORT 2
#define SIZEOF_INT 4
#define SIZEOF_LONG 8
#define U16 unsigned short
#define U32 unsigned
#define U64 unsigned long
#define HAVE_DIRENT_H 1
#define HAVE_SYS_SELECT_H 1
#define HAVE_SCANDIR 1
#define HAVE_STRING_H 1
#define HAVE_STRINGS_H 1
#define HAVE_SNPRINTF 1
#define HAVE_VSNPRINTF 1
#define HAVE_STRCASECMP 1
#define HAVE_STRDUP 1
#define HAVE_STRNCASECMP 1
#define HAVE_LIBJPEG 1
#define HAVE_LIBZ 1
#define HAVE_PNG_H 1
#define HAVE_LIBPNG_PNG_H 1
#define HAVE_LIBPNG 1
#define HAVE_PNG_GET_VALID 1
#define HAVE_PNG_SET_TRNS_TO_ALPHA 1
#define HAVE_PTHREAD_H 1
#define HAVE_LIBPTHREAD 1
#define HAVE_PTHREAD 1
#define HAVE_GL 1
#define HAVE_GL_GLU_H 1
#define USE_XFT 1
#define HAVE_XDBE 1
#define USE_XINERAMA 1
#define HAVE_LIBX11 1
#define HAVE_EXCEPTIONS 1
#define HAVE_RTTI 1
#define FLTK_DOCDIR "/usr/local/share/doc/fltk"
#define FLTK_DATADIR "/usr/local/share/fltk"

configure: exit 0
